#
# There is insufficient memory for the Java Runtime Environment to continue.
# Native memory allocation (malloc) failed to allocate 977296 bytes for Chunk::new
# Possible reasons:
#   The system is out of physical RAM or swap space
#   The process is running with CompressedOops enabled, and the Java Heap may be blocking the growth of the native heap
# Possible solutions:
#   Reduce memory load on the system
#   Increase physical memory or swap space
#   Check if swap backing store is full
#   Decrease Java heap size (-Xmx/-Xms)
#   Decrease number of Java threads
#   Decrease Java thread stack sizes (-Xss)
#   Set larger code cache with -XX:ReservedCodeCacheSize=
#   JVM is running with Unscaled Compressed Oops mode in which the Java heap is
#     placed in the first 4GB address space. The Java Heap base address is the
#     maximum limit for the native heap growth. Please use -XX:HeapBaseMinAddress
#     to set the Java Heap base and to place the Java Heap above 4GB virtual address.
# This output file may be truncated or incomplete.
#
#  Out of Memory Error (./src/hotspot/share/memory/arena.cpp:197), pid=6276, tid=8876
#
# JRE version: OpenJDK Runtime Environment (11.0.8+10) (build 11.0.8+10-b944.6842174)
# Java VM: OpenJDK 64-Bit Server VM (11.0.8+10-b944.6842174, mixed mode, tiered, compressed oops, g1 gc, windows-amd64)
# No core dump will be written. Minidumps are not enabled by default on client versions of Windows
#

---------------  S U M M A R Y ------------

Command Line: --add-opens=java.base/java.util=ALL-UNNAMED --add-opens=java.base/java.lang=ALL-UNNAMED --add-opens=java.base/java.lang.invoke=ALL-UNNAMED --add-opens=java.prefs/java.util.prefs=ALL-UNNAMED -Xmx2048m -Dfile.encoding=UTF-8 -Duser.country=RU -Duser.language=ru -Duser.variant org.gradle.launcher.daemon.bootstrap.GradleDaemon 6.7.1

Host: Intel(R) Core(TM) i3 CPU       M 350  @ 2.27GHz, 4 cores, 5G,  Windows 10 , 64 bit Build 19041 (10.0.19041.1023)
Time: Fri Jul  2 20:04:39 2021 RTZ 2 (зима) elapsed time: 35 seconds (0d 0h 0m 35s)

---------------  T H R E A D  ---------------

Current thread (0x0000029ff3f45000):  JavaThread "C2 CompilerThread0" daemon [_thread_in_native, id=8876, stack(0x000000ba83e00000,0x000000ba83f00000)]


Current CompileTask:
C2:  35725 4439       4       java.lang.invoke.LambdaForm$Name::replaceNames (174 bytes)

Stack: [0x000000ba83e00000,0x000000ba83f00000]
Native frames: (J=compiled Java code, j=interpreted, Vv=VM code, C=native code)
V  [jvm.dll+0x5de50a]
V  [jvm.dll+0x7122f5]
V  [jvm.dll+0x71384d]
V  [jvm.dll+0x713f03]
V  [jvm.dll+0x23e728]
V  [jvm.dll+0xb899c]
V  [jvm.dll+0xb8e9c]
V  [jvm.dll+0x35020b]
V  [jvm.dll+0x193ebc]
V  [jvm.dll+0x1f780e]
V  [jvm.dll+0x1f68d4]
V  [jvm.dll+0x17f32c]
V  [jvm.dll+0x205047]
V  [jvm.dll+0x203891]
V  [jvm.dll+0x6dad3f]
V  [jvm.dll+0x6d3895]
V  [jvm.dll+0x5dd4a6]
C  [ucrtbase.dll+0x21bb2]
C  [KERNEL32.DLL+0x17034]
C  [ntdll.dll+0x52651]


---------------  P R O C E S S  ---------------

Threads class SMR info:
_java_thread_list=0x0000029ff4dad000, length=51, elements={
0x0000029fda4cb800, 0x0000029ff3f22800, 0x0000029ff3f24800, 0x0000029ff3f3f000,
0x0000029ff3f41800, 0x0000029ff3f45000, 0x0000029ff3f4c000, 0x0000029ff3f56000,
0x0000029ff4a16000, 0x0000029ff4a51000, 0x0000029ff608e800, 0x0000029ff546f000,
0x0000029ff609f800, 0x0000029ff578d000, 0x0000029ff654b800, 0x0000029ff56e7000,
0x0000029ff640f800, 0x0000029ff5976000, 0x0000029ff5934000, 0x0000029ff4bfe000,
0x0000029ff4d9d000, 0x0000029ff4d9b000, 0x0000029ff4d97800, 0x0000029ff4d9a000,
0x0000029ff4d98800, 0x0000029ff4d9e000, 0x0000029ff4d9c800, 0x0000029ff4d99000,
0x0000029ff4d9b800, 0x0000029ff6b3d800, 0x0000029ff6b3c800, 0x0000029ff6b3e000,
0x0000029ff6b3f000, 0x0000029ff6b3b000, 0x0000029ff6b39000, 0x0000029ff6b3f800,
0x0000029ff6b3a000, 0x0000029ff6b40800, 0x0000029ff6b41800, 0x0000029ff6b3b800,
0x0000029ff6b44800, 0x0000029ff6b43000, 0x0000029ff6b46800, 0x0000029ff6b44000,
0x0000029ff6b45800, 0x0000029ff6b47000, 0x0000029ff6b48000, 0x0000029ff6b42000,
0x0000029ff6a58800, 0x0000029ff6a56800, 0x0000029ff6a5d800
}

Java Threads: ( => current thread )
  0x0000029fda4cb800 JavaThread "main" [_thread_blocked, id=8176, stack(0x000000ba83300000,0x000000ba83400000)]
  0x0000029ff3f22800 JavaThread "Reference Handler" daemon [_thread_blocked, id=8632, stack(0x000000ba83a00000,0x000000ba83b00000)]
  0x0000029ff3f24800 JavaThread "Finalizer" daemon [_thread_blocked, id=6632, stack(0x000000ba83b00000,0x000000ba83c00000)]
  0x0000029ff3f3f000 JavaThread "Signal Dispatcher" daemon [_thread_blocked, id=9164, stack(0x000000ba83c00000,0x000000ba83d00000)]
  0x0000029ff3f41800 JavaThread "Attach Listener" daemon [_thread_blocked, id=6676, stack(0x000000ba83d00000,0x000000ba83e00000)]
=>0x0000029ff3f45000 JavaThread "C2 CompilerThread0" daemon [_thread_in_native, id=8876, stack(0x000000ba83e00000,0x000000ba83f00000)]
  0x0000029ff3f4c000 JavaThread "C1 CompilerThread0" daemon [_thread_blocked, id=4488, stack(0x000000ba83f00000,0x000000ba84000000)]
  0x0000029ff3f56000 JavaThread "Sweeper thread" daemon [_thread_blocked, id=2784, stack(0x000000ba84000000,0x000000ba84100000)]
  0x0000029ff4a16000 JavaThread "Common-Cleaner" daemon [_thread_blocked, id=8120, stack(0x000000ba84100000,0x000000ba84200000)]
  0x0000029ff4a51000 JavaThread "Service Thread" daemon [_thread_blocked, id=7400, stack(0x000000ba84200000,0x000000ba84300000)]
  0x0000029ff608e800 JavaThread "Daemon health stats" [_thread_blocked, id=6568, stack(0x000000ba84500000,0x000000ba84600000)]
  0x0000029ff546f000 JavaThread "Incoming local TCP Connector on port 54148" [_thread_in_native, id=6968, stack(0x000000ba84800000,0x000000ba84900000)]
  0x0000029ff609f800 JavaThread "Daemon periodic checks" [_thread_blocked, id=6056, stack(0x000000ba84900000,0x000000ba84a00000)]
  0x0000029ff578d000 JavaThread "Daemon" [_thread_blocked, id=1608, stack(0x000000ba84a00000,0x000000ba84b00000)]
  0x0000029ff654b800 JavaThread "Handler for socket connection from /127.0.0.1:54148 to /127.0.0.1:54149" [_thread_in_native, id=8284, stack(0x000000ba84b00000,0x000000ba84c00000)]
  0x0000029ff56e7000 JavaThread "Cancel handler" [_thread_blocked, id=8336, stack(0x000000ba84c00000,0x000000ba84d00000)]
  0x0000029ff640f800 JavaThread "Daemon worker" [_thread_blocked, id=1704, stack(0x000000ba84d00000,0x000000ba84e00000)]
  0x0000029ff5976000 JavaThread "Asynchronous log dispatcher for DefaultDaemonConnection: socket connection from /127.0.0.1:54148 to /127.0.0.1:54149" [_thread_blocked, id=4356, stack(0x000000ba84e00000,0x000000ba84f00000)]
  0x0000029ff5934000 JavaThread "Stdin handler" [_thread_blocked, id=8208, stack(0x000000ba84f00000,0x000000ba85000000)]
  0x0000029ff4bfe000 JavaThread "Thread-8" [_thread_blocked, id=8776, stack(0x000000ba85000000,0x000000ba85100000)]
  0x0000029ff4d9d000 JavaThread "Cache worker for file hash cache (C:\Users\kimdo\.gradle\caches\6.7.1\fileHashes)" [_thread_blocked, id=8316, stack(0x000000ba85300000,0x000000ba85400000)]
  0x0000029ff4d9b000 JavaThread "File lock request listener" [_thread_in_native, id=6316, stack(0x000000ba85400000,0x000000ba85500000)]
  0x0000029ff4d97800 JavaThread "Cache worker for journal cache (C:\Users\kimdo\.gradle\caches\journal-1)" [_thread_blocked, id=7684, stack(0x000000ba85500000,0x000000ba85600000)]
  0x0000029ff4d9a000 JavaThread "Cache worker for file hash cache (C:\Users\kimdo\AndroidStudioProjects\MovieReviewsAPI\.gradle\6.7.1\fileHashes)" [_thread_blocked, id=8144, stack(0x000000ba85600000,0x000000ba85700000)]
  0x0000029ff4d98800 JavaThread "jar transforms" [_thread_blocked, id=1860, stack(0x000000ba85700000,0x000000ba85800000)]
  0x0000029ff4d9e000 JavaThread "jar transforms Thread 2" [_thread_blocked, id=8820, stack(0x000000ba85800000,0x000000ba85900000)]
  0x0000029ff4d9c800 JavaThread "jar transforms Thread 3" [_thread_blocked, id=8804, stack(0x000000ba85900000,0x000000ba85a00000)]
  0x0000029ff4d99000 JavaThread "jar transforms Thread 4" [_thread_blocked, id=8272, stack(0x000000ba85a00000,0x000000ba85b00000)]
  0x0000029ff4d9b800 JavaThread "jar transforms Thread 5" [_thread_blocked, id=8872, stack(0x000000ba85b00000,0x000000ba85c00000)]
  0x0000029ff6b3d800 JavaThread "jar transforms Thread 6" [_thread_blocked, id=4964, stack(0x000000ba85c00000,0x000000ba85d00000)]
  0x0000029ff6b3c800 JavaThread "jar transforms Thread 7" [_thread_blocked, id=2972, stack(0x000000ba85d00000,0x000000ba85e00000)]
  0x0000029ff6b3e000 JavaThread "jar transforms Thread 8" [_thread_blocked, id=792, stack(0x000000ba85e00000,0x000000ba85f00000)]
  0x0000029ff6b3f000 JavaThread "jar transforms Thread 9" [_thread_blocked, id=8220, stack(0x000000ba85f00000,0x000000ba86000000)]
  0x0000029ff6b3b000 JavaThread "jar transforms Thread 10" [_thread_blocked, id=2776, stack(0x000000ba86000000,0x000000ba86100000)]
  0x0000029ff6b39000 JavaThread "jar transforms Thread 11" [_thread_blocked, id=8488, stack(0x000000ba86100000,0x000000ba86200000)]
  0x0000029ff6b3f800 JavaThread "jar transforms Thread 12" [_thread_blocked, id=5208, stack(0x000000ba86200000,0x000000ba86300000)]
  0x0000029ff6b3a000 JavaThread "jar transforms Thread 13" [_thread_blocked, id=3648, stack(0x000000ba86300000,0x000000ba86400000)]
  0x0000029ff6b40800 JavaThread "jar transforms Thread 14" [_thread_blocked, id=5916, stack(0x000000ba86400000,0x000000ba86500000)]
  0x0000029ff6b41800 JavaThread "jar transforms Thread 15" [_thread_blocked, id=7752, stack(0x000000ba86500000,0x000000ba86600000)]
  0x0000029ff6b3b800 JavaThread "jar transforms Thread 16" [_thread_blocked, id=2252, stack(0x000000ba86600000,0x000000ba86700000)]
  0x0000029ff6b44800 JavaThread "jar transforms Thread 17" [_thread_blocked, id=6348, stack(0x000000ba86700000,0x000000ba86800000)]
  0x0000029ff6b43000 JavaThread "jar transforms Thread 18" [_thread_blocked, id=3880, stack(0x000000ba86800000,0x000000ba86900000)]
  0x0000029ff6b46800 JavaThread "jar transforms Thread 19" [_thread_blocked, id=8416, stack(0x000000ba86900000,0x000000ba86a00000)]
  0x0000029ff6b44000 JavaThread "jar transforms Thread 20" [_thread_blocked, id=8356, stack(0x000000ba86a00000,0x000000ba86b00000)]
  0x0000029ff6b45800 JavaThread "jar transforms Thread 21" [_thread_blocked, id=8764, stack(0x000000ba86b00000,0x000000ba86c00000)]
  0x0000029ff6b47000 JavaThread "Cache worker for checksums cache (C:\Users\kimdo\AndroidStudioProjects\MovieReviewsAPI\.gradle\checksums)" [_thread_blocked, id=4028, stack(0x000000ba86c00000,0x000000ba86d00000)]
  0x0000029ff6b48000 JavaThread "Cache worker for cache directory md-supplier (C:\Users\kimdo\.gradle\caches\6.7.1\md-supplier)" [_thread_blocked, id=1452, stack(0x000000ba86d00000,0x000000ba86e00000)]
  0x0000029ff6b42000 JavaThread "Cache worker for cache directory md-rule (C:\Users\kimdo\.gradle\caches\6.7.1\md-rule)" [_thread_blocked, id=8424, stack(0x000000ba86e00000,0x000000ba86f00000)]
  0x0000029ff6a58800 JavaThread "Cache worker for execution history cache (C:\Users\kimdo\.gradle\caches\6.7.1\executionHistory)" [_thread_blocked, id=1224, stack(0x000000ba86f00000,0x000000ba87000000)]
  0x0000029ff6a56800 JavaThread "Cache worker for file content cache (C:\Users\kimdo\.gradle\caches\6.7.1\fileContent)" [_thread_blocked, id=8588, stack(0x000000ba87000000,0x000000ba87100000)]
  0x0000029ff6a5d800 JavaThread "Cache worker for Build Output Cleanup Cache (C:\Users\kimdo\AndroidStudioProjects\MovieReviewsAPI\.gradle\buildOutputCleanup)" [_thread_blocked, id=8648, stack(0x000000ba87100000,0x000000ba87200000)]

Other Threads:
  0x0000029ff3f1b000 VMThread "VM Thread" [stack: 0x000000ba83900000,0x000000ba83a00000] [id=4084]
  0x0000029ff4a53000 WatcherThread [stack: 0x000000ba84300000,0x000000ba84400000] [id=8032]
  0x0000029fda4e2000 GCTaskThread "GC Thread#0" [stack: 0x000000ba83400000,0x000000ba83500000] [id=7988]
  0x0000029ff4f55800 GCTaskThread "GC Thread#1" [stack: 0x000000ba84400000,0x000000ba84500000] [id=9076]
  0x0000029ff5933000 GCTaskThread "GC Thread#2" [stack: 0x000000ba85100000,0x000000ba85200000] [id=7652]
  0x0000029ff5924000 GCTaskThread "GC Thread#3" [stack: 0x000000ba85200000,0x000000ba85300000] [id=7348]
  0x0000029fda514000 ConcurrentGCThread "G1 Main Marker" [stack: 0x000000ba83500000,0x000000ba83600000] [id=4244]
  0x0000029fda516800 ConcurrentGCThread "G1 Conc#0" [stack: 0x000000ba83600000,0x000000ba83700000] [id=8856]
  0x0000029fda587800 ConcurrentGCThread "G1 Refine#0" [stack: 0x000000ba83700000,0x000000ba83800000] [id=5204]
  0x0000029fda588800 ConcurrentGCThread "G1 Young RemSet Sampling" [stack: 0x000000ba83800000,0x000000ba83900000] [id=4160]

Threads with active compile tasks:
C2 CompilerThread0  35795 4439       4       java.lang.invoke.LambdaForm$Name::replaceNames (174 bytes)

VM state:not at safepoint (normal execution)

VM Mutex/Monitor currently owned by a thread:  ([mutex/lock_event])
[0x0000029fda4c6f70] Heap_lock - owner thread: 0x0000029ff608e800

Heap address: 0x0000000080000000, size: 2048 MB, Compressed Oops mode: 32-bit
Narrow klass base: 0x0000000000000000, Narrow klass shift: 3
Compressed class space size: 1073741824 Address: 0x0000000100000000

Heap:
 garbage-first heap   total 115712K, used 50398K [0x0000000080000000, 0x0000000100000000)
  region size 1024K, 4 young (4096K), 3 survivors (3072K)
 Metaspace       used 47637K, capacity 48972K, committed 49052K, reserved 1091584K
  class space    used 5921K, capacity 6339K, committed 6400K, reserved 1048576K
Heap Regions: E=young(eden), S=young(survivor), O=old, HS=humongous(starts), HC=humongous(continues), CS=collection set, F=free, A=archive, TAMS=top-at-mark-start (previous, next)
|   0|0x0000000080000000, 0x0000000080100000, 0x0000000080100000|100%| O|  |TAMS 0x0000000080100000, 0x0000000080000000| Untracked 
|   1|0x0000000080100000, 0x0000000080200000, 0x0000000080200000|100%| O|  |TAMS 0x0000000080200000, 0x0000000080100000| Untracked 
|   2|0x0000000080200000, 0x0000000080300000, 0x0000000080300000|100%| O|  |TAMS 0x0000000080300000, 0x0000000080200000| Untracked 
|   3|0x0000000080300000, 0x0000000080400000, 0x0000000080400000|100%|HS|  |TAMS 0x0000000080400000, 0x0000000080300000| Complete 
|   4|0x0000000080400000, 0x0000000080500000, 0x0000000080500000|100%|HC|  |TAMS 0x0000000080500000, 0x0000000080400000| Complete 
|   5|0x0000000080500000, 0x0000000080600000, 0x0000000080600000|100%|HC|  |TAMS 0x0000000080600000, 0x0000000080500000| Complete 
|   6|0x0000000080600000, 0x0000000080700000, 0x0000000080700000|100%| O|  |TAMS 0x0000000080700000, 0x0000000080600000| Untracked 
|   7|0x0000000080700000, 0x0000000080800000, 0x0000000080800000|100%| O|  |TAMS 0x0000000080800000, 0x0000000080700000| Untracked 
|   8|0x0000000080800000, 0x0000000080900000, 0x0000000080900000|100%| O|  |TAMS 0x0000000080900000, 0x0000000080800000| Untracked 
|   9|0x0000000080900000, 0x0000000080a00000, 0x0000000080a00000|100%| O|  |TAMS 0x0000000080a00000, 0x0000000080900000| Untracked 
|  10|0x0000000080a00000, 0x0000000080b00000, 0x0000000080b00000|100%| O|  |TAMS 0x0000000080b00000, 0x0000000080a00000| Untracked 
|  11|0x0000000080b00000, 0x0000000080c00000, 0x0000000080c00000|100%| O|  |TAMS 0x0000000080c00000, 0x0000000080b00000| Untracked 
|  12|0x0000000080c00000, 0x0000000080d00000, 0x0000000080d00000|100%| O|  |TAMS 0x0000000080d00000, 0x0000000080c00000| Untracked 
|  13|0x0000000080d00000, 0x0000000080e00000, 0x0000000080e00000|100%| O|  |TAMS 0x0000000080e00000, 0x0000000080d00000| Untracked 
|  14|0x0000000080e00000, 0x0000000080f00000, 0x0000000080f00000|100%| O|  |TAMS 0x0000000080f00000, 0x0000000080e00000| Untracked 
|  15|0x0000000080f00000, 0x0000000081000000, 0x0000000081000000|100%|HS|  |TAMS 0x0000000081000000, 0x0000000080f00000| Complete 
|  16|0x0000000081000000, 0x0000000081100000, 0x0000000081100000|100%|HC|  |TAMS 0x0000000081100000, 0x0000000081000000| Complete 
|  17|0x0000000081100000, 0x0000000081200000, 0x0000000081200000|100%|HS|  |TAMS 0x0000000081200000, 0x0000000081100000| Complete 
|  18|0x0000000081200000, 0x0000000081300000, 0x0000000081300000|100%|HC|  |TAMS 0x0000000081300000, 0x0000000081200000| Complete 
|  19|0x0000000081300000, 0x0000000081400000, 0x0000000081400000|100%|HC|  |TAMS 0x0000000081400000, 0x0000000081300000| Complete 
|  20|0x0000000081400000, 0x0000000081500000, 0x0000000081500000|100%|HS|  |TAMS 0x0000000081500000, 0x0000000081400000| Complete 
|  21|0x0000000081500000, 0x0000000081600000, 0x0000000081600000|100%|HC|  |TAMS 0x0000000081600000, 0x0000000081500000| Complete 
|  22|0x0000000081600000, 0x0000000081700000, 0x0000000081700000|100%|HC|  |TAMS 0x0000000081700000, 0x0000000081600000| Complete 
|  23|0x0000000081700000, 0x0000000081800000, 0x0000000081800000|100%|HC|  |TAMS 0x0000000081800000, 0x0000000081700000| Complete 
|  24|0x0000000081800000, 0x0000000081900000, 0x0000000081900000|100%| O|  |TAMS 0x0000000081900000, 0x0000000081800000| Untracked 
|  25|0x0000000081900000, 0x0000000081a00000, 0x0000000081a00000|100%| O|  |TAMS 0x0000000081a00000, 0x0000000081900000| Untracked 
|  26|0x0000000081a00000, 0x0000000081b00000, 0x0000000081b00000|100%| O|  |TAMS 0x0000000081b00000, 0x0000000081a00000| Untracked 
|  27|0x0000000081b00000, 0x0000000081c00000, 0x0000000081c00000|100%| O|  |TAMS 0x0000000081c00000, 0x0000000081b00000| Untracked 
|  28|0x0000000081c00000, 0x0000000081d00000, 0x0000000081d00000|100%| O|  |TAMS 0x0000000081d00000, 0x0000000081c00000| Untracked 
|  29|0x0000000081d00000, 0x0000000081e00000, 0x0000000081e00000|100%| O|  |TAMS 0x0000000081e00000, 0x0000000081d00000| Untracked 
|  30|0x0000000081e00000, 0x0000000081f00000, 0x0000000081f00000|100%| O|  |TAMS 0x0000000081e55400, 0x0000000081e00000| Untracked 
|  31|0x0000000081f00000, 0x0000000082000000, 0x0000000082000000|100%|HS|  |TAMS 0x0000000081f00000, 0x0000000081f00000| Complete 
|  32|0x0000000082000000, 0x0000000082100000, 0x0000000082100000|100%|HC|  |TAMS 0x0000000082000000, 0x0000000082000000| Complete 
|  33|0x0000000082100000, 0x0000000082200000, 0x0000000082200000|100%|HC|  |TAMS 0x0000000082100000, 0x0000000082100000| Complete 
|  34|0x0000000082200000, 0x0000000082300000, 0x0000000082300000|100%|HS|  |TAMS 0x0000000082200000, 0x0000000082200000| Complete 
|  35|0x0000000082300000, 0x0000000082400000, 0x0000000082400000|100%|HC|  |TAMS 0x0000000082300000, 0x0000000082300000| Complete 
|  36|0x0000000082400000, 0x0000000082500000, 0x0000000082500000|100%|HC|  |TAMS 0x0000000082400000, 0x0000000082400000| Complete 
|  37|0x0000000082500000, 0x0000000082600000, 0x0000000082600000|100%|HC|  |TAMS 0x0000000082500000, 0x0000000082500000| Complete 
|  38|0x0000000082600000, 0x0000000082700000, 0x0000000082700000|100%| O|  |TAMS 0x0000000082600000, 0x0000000082600000| Untracked 
|  39|0x0000000082700000, 0x0000000082800000, 0x0000000082800000|100%| O|  |TAMS 0x0000000082700000, 0x0000000082700000| Untracked 
|  40|0x0000000082800000, 0x0000000082900000, 0x0000000082900000|100%| O|  |TAMS 0x0000000082800000, 0x0000000082800000| Untracked 
|  41|0x0000000082900000, 0x0000000082900000, 0x0000000082a00000|  0%| F|  |TAMS 0x0000000082900000, 0x0000000082900000| Untracked 
|  42|0x0000000082a00000, 0x0000000082b00000, 0x0000000082b00000|100%| O|  |TAMS 0x0000000082a00000, 0x0000000082a00000| Untracked 
|  43|0x0000000082b00000, 0x0000000082c00000, 0x0000000082c00000|100%| O|  |TAMS 0x0000000082b00000, 0x0000000082b00000| Untracked 
|  44|0x0000000082c00000, 0x0000000082d00000, 0x0000000082d00000|100%| O|  |TAMS 0x0000000082c00000, 0x0000000082c00000| Untracked 
|  45|0x0000000082d00000, 0x0000000082e00000, 0x0000000082e00000|100%| O|  |TAMS 0x0000000082d00000, 0x0000000082d00000| Untracked 
|  46|0x0000000082e00000, 0x0000000082f00000, 0x0000000082f00000|100%| O|  |TAMS 0x0000000082e00000, 0x0000000082e00000| Untracked 
|  47|0x0000000082f00000, 0x0000000082f37a00, 0x0000000083000000| 21%| O|  |TAMS 0x0000000082f00000, 0x0000000082f00000| Untracked 
|  48|0x0000000083000000, 0x0000000083000000, 0x0000000083100000|  0%| F|  |TAMS 0x0000000083000000, 0x0000000083000000| Untracked 
|  49|0x0000000083100000, 0x0000000083100000, 0x0000000083200000|  0%| F|  |TAMS 0x0000000083100000, 0x0000000083100000| Untracked 
|  50|0x0000000083200000, 0x0000000083200000, 0x0000000083300000|  0%| F|  |TAMS 0x0000000083200000, 0x0000000083200000| Untracked 
|  51|0x0000000083300000, 0x0000000083300000, 0x0000000083400000|  0%| F|  |TAMS 0x0000000083300000, 0x0000000083300000| Untracked 
|  52|0x0000000083400000, 0x0000000083400000, 0x0000000083500000|  0%| F|  |TAMS 0x0000000083400000, 0x0000000083400000| Untracked 
|  53|0x0000000083500000, 0x0000000083500000, 0x0000000083600000|  0%| F|  |TAMS 0x0000000083500000, 0x0000000083500000| Untracked 
|  54|0x0000000083600000, 0x0000000083600000, 0x0000000083700000|  0%| F|  |TAMS 0x0000000083600000, 0x0000000083600000| Untracked 
|  55|0x0000000083700000, 0x0000000083700000, 0x0000000083800000|  0%| F|  |TAMS 0x0000000083700000, 0x0000000083700000| Untracked 
|  56|0x0000000083800000, 0x0000000083800000, 0x0000000083900000|  0%| F|  |TAMS 0x0000000083800000, 0x0000000083800000| Untracked 
|  57|0x0000000083900000, 0x0000000083900000, 0x0000000083a00000|  0%| F|  |TAMS 0x0000000083900000, 0x0000000083900000| Untracked 
|  58|0x0000000083a00000, 0x0000000083a00000, 0x0000000083b00000|  0%| F|  |TAMS 0x0000000083a00000, 0x0000000083a00000| Untracked 
|  59|0x0000000083b00000, 0x0000000083b00000, 0x0000000083c00000|  0%| F|  |TAMS 0x0000000083b00000, 0x0000000083b00000| Untracked 
|  60|0x0000000083c00000, 0x0000000083c00000, 0x0000000083d00000|  0%| F|  |TAMS 0x0000000083c00000, 0x0000000083c00000| Untracked 
|  61|0x0000000083d00000, 0x0000000083d00000, 0x0000000083e00000|  0%| F|  |TAMS 0x0000000083d00000, 0x0000000083d00000| Untracked 
|  62|0x0000000083e00000, 0x0000000083e00000, 0x0000000083f00000|  0%| F|  |TAMS 0x0000000083e00000, 0x0000000083e00000| Untracked 
|  63|0x0000000083f00000, 0x0000000083f00000, 0x0000000084000000|  0%| F|  |TAMS 0x0000000083f00000, 0x0000000083f00000| Untracked 
|  64|0x0000000084000000, 0x0000000084000000, 0x0000000084100000|  0%| F|  |TAMS 0x0000000084000000, 0x0000000084000000| Untracked 
|  65|0x0000000084100000, 0x0000000084100000, 0x0000000084200000|  0%| F|  |TAMS 0x0000000084100000, 0x0000000084100000| Untracked 
|  66|0x0000000084200000, 0x0000000084200000, 0x0000000084300000|  0%| F|  |TAMS 0x0000000084200000, 0x0000000084200000| Untracked 
|  67|0x0000000084300000, 0x0000000084300000, 0x0000000084400000|  0%| F|  |TAMS 0x0000000084300000, 0x0000000084300000| Untracked 
|  68|0x0000000084400000, 0x0000000084400000, 0x0000000084500000|  0%| F|  |TAMS 0x0000000084400000, 0x0000000084400000| Untracked 
|  69|0x0000000084500000, 0x0000000084500000, 0x0000000084600000|  0%| F|  |TAMS 0x0000000084500000, 0x0000000084500000| Untracked 
|  70|0x0000000084600000, 0x0000000084600000, 0x0000000084700000|  0%| F|  |TAMS 0x0000000084600000, 0x0000000084600000| Untracked 
|  71|0x0000000084700000, 0x0000000084700000, 0x0000000084800000|  0%| F|  |TAMS 0x0000000084700000, 0x0000000084700000| Untracked 
|  72|0x0000000084800000, 0x0000000084900000, 0x0000000084900000|100%| S|CS|TAMS 0x0000000084800000, 0x0000000084800000| Complete 
|  73|0x0000000084900000, 0x0000000084900000, 0x0000000084a00000|  0%| F|  |TAMS 0x0000000084900000, 0x0000000084900000| Untracked 
|  74|0x0000000084a00000, 0x0000000084b00000, 0x0000000084b00000|100%| S|CS|TAMS 0x0000000084a00000, 0x0000000084a00000| Complete 
|  75|0x0000000084b00000, 0x0000000084c00000, 0x0000000084c00000|100%| S|CS|TAMS 0x0000000084b00000, 0x0000000084b00000| Complete 
|  76|0x0000000084c00000, 0x0000000084c00000, 0x0000000084d00000|  0%| F|  |TAMS 0x0000000084c00000, 0x0000000084c00000| Untracked 
|  77|0x0000000084d00000, 0x0000000084d00000, 0x0000000084e00000|  0%| F|  |TAMS 0x0000000084d00000, 0x0000000084d00000| Untracked 
|  78|0x0000000084e00000, 0x0000000084e00000, 0x0000000084f00000|  0%| F|  |TAMS 0x0000000084e00000, 0x0000000084e00000| Untracked 
|  79|0x0000000084f00000, 0x0000000084f00000, 0x0000000085000000|  0%| F|  |TAMS 0x0000000084f00000, 0x0000000084f00000| Untracked 
|  80|0x0000000085000000, 0x0000000085000000, 0x0000000085100000|  0%| F|  |TAMS 0x0000000085000000, 0x0000000085000000| Untracked 
|  81|0x0000000085100000, 0x0000000085100000, 0x0000000085200000|  0%| F|  |TAMS 0x0000000085100000, 0x0000000085100000| Untracked 
|  82|0x0000000085200000, 0x0000000085200000, 0x0000000085300000|  0%| F|  |TAMS 0x0000000085200000, 0x0000000085200000| Untracked 
|  83|0x0000000085300000, 0x0000000085300000, 0x0000000085400000|  0%| F|  |TAMS 0x0000000085300000, 0x0000000085300000| Untracked 
|  84|0x0000000085400000, 0x0000000085400000, 0x0000000085500000|  0%| F|  |TAMS 0x0000000085400000, 0x0000000085400000| Untracked 
|  85|0x0000000085500000, 0x0000000085500000, 0x0000000085600000|  0%| F|  |TAMS 0x0000000085500000, 0x0000000085500000| Untracked 
|  86|0x0000000085600000, 0x0000000085600000, 0x0000000085700000|  0%| F|  |TAMS 0x0000000085600000, 0x0000000085600000| Untracked 
|  87|0x0000000085700000, 0x0000000085700000, 0x0000000085800000|  0%| F|  |TAMS 0x0000000085700000, 0x0000000085700000| Untracked 
|  88|0x0000000085800000, 0x0000000085800000, 0x0000000085900000|  0%| F|  |TAMS 0x0000000085800000, 0x0000000085800000| Untracked 
|  89|0x0000000085900000, 0x0000000085900000, 0x0000000085a00000|  0%| F|  |TAMS 0x0000000085900000, 0x0000000085900000| Untracked 
|  90|0x0000000085a00000, 0x0000000085a00000, 0x0000000085b00000|  0%| F|  |TAMS 0x0000000085a00000, 0x0000000085a00000| Untracked 
|  91|0x0000000085b00000, 0x0000000085b00000, 0x0000000085c00000|  0%| F|  |TAMS 0x0000000085b00000, 0x0000000085b00000| Untracked 
|  92|0x0000000085c00000, 0x0000000085c00000, 0x0000000085d00000|  0%| F|  |TAMS 0x0000000085c00000, 0x0000000085c00000| Untracked 
|  93|0x0000000085d00000, 0x0000000085d00000, 0x0000000085e00000|  0%| F|  |TAMS 0x0000000085d00000, 0x0000000085d00000| Untracked 
|  94|0x0000000085e00000, 0x0000000085e00000, 0x0000000085f00000|  0%| F|  |TAMS 0x0000000085e00000, 0x0000000085e00000| Untracked 
|  95|0x0000000085f00000, 0x0000000085f00000, 0x0000000086000000|  0%| F|  |TAMS 0x0000000085f00000, 0x0000000085f00000| Untracked 
|  96|0x0000000086000000, 0x0000000086000000, 0x0000000086100000|  0%| F|  |TAMS 0x0000000086000000, 0x0000000086000000| Untracked 
|  97|0x0000000086100000, 0x0000000086100000, 0x0000000086200000|  0%| F|  |TAMS 0x0000000086100000, 0x0000000086100000| Untracked 
|  98|0x0000000086200000, 0x0000000086200000, 0x0000000086300000|  0%| F|  |TAMS 0x0000000086200000, 0x0000000086200000| Untracked 
|  99|0x0000000086300000, 0x0000000086300000, 0x0000000086400000|  0%| F|  |TAMS 0x0000000086300000, 0x0000000086300000| Untracked 
| 100|0x0000000086400000, 0x0000000086400000, 0x0000000086500000|  0%| F|  |TAMS 0x0000000086400000, 0x0000000086400000| Untracked 
| 101|0x0000000086500000, 0x0000000086500000, 0x0000000086600000|  0%| F|  |TAMS 0x0000000086500000, 0x0000000086500000| Untracked 
| 102|0x0000000086600000, 0x0000000086600000, 0x0000000086700000|  0%| F|  |TAMS 0x0000000086600000, 0x0000000086600000| Untracked 
| 103|0x0000000086700000, 0x0000000086700000, 0x0000000086800000|  0%| F|  |TAMS 0x0000000086700000, 0x0000000086700000| Untracked 
| 104|0x0000000086800000, 0x0000000086800000, 0x0000000086900000|  0%| F|  |TAMS 0x0000000086800000, 0x0000000086800000| Untracked 
| 105|0x0000000086900000, 0x0000000086900000, 0x0000000086a00000|  0%| F|  |TAMS 0x0000000086900000, 0x0000000086900000| Untracked 
| 106|0x0000000086a00000, 0x0000000086a00000, 0x0000000086b00000|  0%| F|  |TAMS 0x0000000086a00000, 0x0000000086a00000| Untracked 
| 107|0x0000000086b00000, 0x0000000086b00000, 0x0000000086c00000|  0%| F|  |TAMS 0x0000000086b00000, 0x0000000086b00000| Untracked 
| 108|0x0000000086c00000, 0x0000000086c00000, 0x0000000086d00000|  0%| F|  |TAMS 0x0000000086c00000, 0x0000000086c00000| Untracked 
| 109|0x0000000086d00000, 0x0000000086d00000, 0x0000000086e00000|  0%| F|  |TAMS 0x0000000086d00000, 0x0000000086d00000| Untracked 
| 110|0x0000000086e00000, 0x0000000086e00000, 0x0000000086f00000|  0%| F|  |TAMS 0x0000000086e00000, 0x0000000086e00000| Untracked 
| 111|0x0000000086f00000, 0x0000000086f00000, 0x0000000087000000|  0%| F|  |TAMS 0x0000000086f00000, 0x0000000086f00000| Untracked 
| 112|0x0000000087000000, 0x0000000087000800, 0x0000000087100000|  0%| E|  |TAMS 0x0000000087000000, 0x0000000087000000| Complete 

Card table byte_map: [0x0000029fed250000,0x0000029fed650000] _byte_map_base: 0x0000029fece50000

Marking Bits (Prev, Next): (CMBitMap*) 0x0000029fda50b318, (CMBitMap*) 0x0000029fda50b350
 Prev Bits: [0x0000029feda50000, 0x0000029fefa50000)
 Next Bits: [0x0000029fefa50000, 0x0000029ff1a50000)

Polling page: 0x0000029fd9cb0000

Metaspace:

Usage:
  Non-class:     41.63 MB capacity,    40.74 MB ( 98%) used,   819.53 KB (  2%) free+waste,    97.88 KB ( <1%) overhead. 
      Class:      6.19 MB capacity,     5.78 MB ( 93%) used,   370.63 KB (  6%) free+waste,    46.88 KB ( <1%) overhead. 
       Both:     47.82 MB capacity,    46.52 MB ( 97%) used,     1.16 MB (  2%) free+waste,   144.75 KB ( <1%) overhead. 

Virtual space:
  Non-class space:       42.00 MB reserved,      41.65 MB (>99%) committed 
      Class space:        1.00 GB reserved,       6.25 MB ( <1%) committed 
             Both:        1.04 GB reserved,      47.90 MB (  4%) committed 

Chunk freelists:
   Non-Class:  19.00 KB
       Class:  1.00 KB
        Both:  20.00 KB

MaxMetaspaceSize: 17179869184.00 GB
CompressedClassSpaceSize: 1.00 GB

CodeHeap 'non-profiled nmethods': size=120064Kb used=2150Kb max_used=2150Kb free=117913Kb
 bounds [0x0000029fe5910000, 0x0000029fe5b80000, 0x0000029fece50000]
CodeHeap 'profiled nmethods': size=120000Kb used=9663Kb max_used=9663Kb free=110336Kb
 bounds [0x0000029fde3e0000, 0x0000029fded60000, 0x0000029fe5910000]
CodeHeap 'non-nmethods': size=5696Kb used=2203Kb max_used=2242Kb free=3492Kb
 bounds [0x0000029fdde50000, 0x0000029fde0c0000, 0x0000029fde3e0000]
 total_blobs=4974 nmethods=4186 adapters=700
 compilation: enabled
              stopped_count=0, restarted_count=0
 full_count=0

Compilation events (20 events):
Event: 35.212 Thread 0x0000029ff3f45000 nmethod 4437 0x0000029fe5b28490 code [0x0000029fe5b28680, 0x0000029fe5b28ba8]
Event: 35.212 Thread 0x0000029ff3f45000 4439       4       java.lang.invoke.LambdaForm$Name::replaceNames (174 bytes)
Event: 35.215 Thread 0x0000029ff3f4c000 4447       3       java.lang.invoke.MethodHandles$Lookup::checkField (56 bytes)
Event: 35.216 Thread 0x0000029ff3f4c000 nmethod 4447 0x0000029fded4cd10 code [0x0000029fded4cf00, 0x0000029fded4d378]
Event: 35.216 Thread 0x0000029ff3f4c000 4448       3       java.lang.invoke.BoundMethodHandle$Specializer$Factory::chooseFieldName (25 bytes)
Event: 35.218 Thread 0x0000029ff3f4c000 nmethod 4448 0x0000029fded4d510 code [0x0000029fded4d800, 0x0000029fded4e4d8]
Event: 35.220 Thread 0x0000029ff3f4c000 4450       3       java.lang.invoke.LambdaFormEditor$Transform::equals (32 bytes)
Event: 35.221 Thread 0x0000029ff3f4c000 nmethod 4450 0x0000029fded4ea10 code [0x0000029fded4ebe0, 0x0000029fded4eda8]
Event: 35.223 Thread 0x0000029ff3f4c000 4452       3       java.lang.reflect.Modifier::isVolatile (13 bytes)
Event: 35.224 Thread 0x0000029ff3f4c000 nmethod 4452 0x0000029fded4ee90 code [0x0000029fded4f040, 0x0000029fded4f178]
Event: 35.224 Thread 0x0000029ff3f4c000 4453       3       java.lang.invoke.DirectMethodHandle::make (21 bytes)
Event: 35.225 Thread 0x0000029ff3f4c000 nmethod 4453 0x0000029fded4f210 code [0x0000029fded4f3e0, 0x0000029fded4f5c8]
Event: 35.228 Thread 0x0000029ff3f4c000 4454       3       java.lang.invoke.LambdaFormBuffer::clearDuplicatesAndNulls (268 bytes)
Event: 35.230 Thread 0x0000029ff3f4c000 nmethod 4454 0x0000029fded4f710 code [0x0000029fded4f9c0, 0x0000029fded50958]
Event: 35.394 Thread 0x0000029ff3f4c000 4456       3       jdk.internal.misc.Unsafe::ensureClassInitialized (18 bytes)
Event: 35.394 Thread 0x0000029ff3f4c000 nmethod 4456 0x0000029fded50e90 code [0x0000029fded51060, 0x0000029fded51278]
Event: 35.395 Thread 0x0000029ff3f4c000 4457       1       org.gradle.internal.instantiation.generator.AbstractClassGenerator$GeneratedClassImpl::getConstructors (5 bytes)
Event: 35.395 Thread 0x0000029ff3f4c000 nmethod 4457 0x0000029fe5b29610 code [0x0000029fe5b297c0, 0x0000029fe5b29878]
Event: 35.406 Thread 0x0000029ff3f4c000 4458       3       sun.reflect.annotation.AnnotationParser$1::run (40 bytes)
Event: 35.408 Thread 0x0000029ff3f4c000 nmethod 4458 0x0000029fded51390 code [0x0000029fded51640, 0x0000029fded52518]

GC Heap History (20 events):
Event: 2.075 GC heap before
{Heap before GC invocations=1 (full 0):
 garbage-first heap   total 96256K, used 20001K [0x0000000080000000, 0x0000000100000000)
  region size 1024K, 14 young (14336K), 2 survivors (2048K)
 Metaspace       used 10882K, capacity 11132K, committed 11264K, reserved 1058816K
  class space    used 1144K, capacity 1201K, committed 1280K, reserved 1048576K
}
Event: 2.082 GC heap after
{Heap after GC invocations=2 (full 0):
 garbage-first heap   total 96256K, used 8612K [0x0000000080000000, 0x0000000100000000)
  region size 1024K, 1 young (1024K), 1 survivors (1024K)
 Metaspace       used 10882K, capacity 11132K, committed 11264K, reserved 1058816K
  class space    used 1144K, capacity 1201K, committed 1280K, reserved 1048576K
}
Event: 2.658 GC heap before
{Heap before GC invocations=2 (full 0):
 garbage-first heap   total 96256K, used 35236K [0x0000000080000000, 0x0000000100000000)
  region size 1024K, 27 young (27648K), 1 survivors (1024K)
 Metaspace       used 11022K, capacity 11260K, committed 11520K, reserved 1058816K
  class space    used 1145K, capacity 1201K, committed 1280K, reserved 1048576K
}
Event: 2.668 GC heap after
{Heap after GC invocations=3 (full 0):
 garbage-first heap   total 96256K, used 12870K [0x0000000080000000, 0x0000000100000000)
  region size 1024K, 4 young (4096K), 4 survivors (4096K)
 Metaspace       used 11022K, capacity 11260K, committed 11520K, reserved 1058816K
  class space    used 1145K, capacity 1201K, committed 1280K, reserved 1048576K
}
Event: 6.427 GC heap before
{Heap before GC invocations=3 (full 0):
 garbage-first heap   total 96256K, used 48710K [0x0000000080000000, 0x0000000100000000)
  region size 1024K, 39 young (39936K), 4 survivors (4096K)
 Metaspace       used 17710K, capacity 18192K, committed 18432K, reserved 1064960K
  class space    used 2098K, capacity 2239K, committed 2304K, reserved 1048576K
}
Event: 6.439 GC heap after
{Heap after GC invocations=4 (full 0):
 garbage-first heap   total 96256K, used 15524K [0x0000000080000000, 0x0000000100000000)
  region size 1024K, 3 young (3072K), 3 survivors (3072K)
 Metaspace       used 17710K, capacity 18192K, committed 18432K, reserved 1064960K
  class space    used 2098K, capacity 2239K, committed 2304K, reserved 1048576K
}
Event: 6.976 GC heap before
{Heap before GC invocations=4 (full 0):
 garbage-first heap   total 96256K, used 34980K [0x0000000080000000, 0x0000000100000000)
  region size 1024K, 23 young (23552K), 3 survivors (3072K)
 Metaspace       used 20623K, capacity 21187K, committed 21296K, reserved 1069056K
  class space    used 2519K, capacity 2688K, committed 2688K, reserved 1048576K
}
Event: 6.985 GC heap after
{Heap after GC invocations=5 (full 0):
 garbage-first heap   total 96256K, used 16141K [0x0000000080000000, 0x0000000100000000)
  region size 1024K, 4 young (4096K), 4 survivors (4096K)
 Metaspace       used 20623K, capacity 21187K, committed 21296K, reserved 1069056K
  class space    used 2519K, capacity 2688K, committed 2688K, reserved 1048576K
}
Event: 8.009 GC heap before
{Heap before GC invocations=6 (full 0):
 garbage-first heap   total 96256K, used 53005K [0x0000000080000000, 0x0000000100000000)
  region size 1024K, 40 young (40960K), 4 survivors (4096K)
 Metaspace       used 24783K, capacity 25438K, committed 25728K, reserved 1071104K
  class space    used 3188K, capacity 3407K, committed 3456K, reserved 1048576K
}
Event: 8.020 GC heap after
{Heap after GC invocations=7 (full 0):
 garbage-first heap   total 96256K, used 17646K [0x0000000080000000, 0x0000000100000000)
  region size 1024K, 3 young (3072K), 3 survivors (3072K)
 Metaspace       used 24783K, capacity 25438K, committed 25728K, reserved 1071104K
  class space    used 3188K, capacity 3407K, committed 3456K, reserved 1048576K
}
Event: 9.178 GC heap before
{Heap before GC invocations=7 (full 0):
 garbage-first heap   total 96256K, used 66798K [0x0000000080000000, 0x0000000100000000)
  region size 1024K, 42 young (43008K), 3 survivors (3072K)
 Metaspace       used 28355K, capacity 29187K, committed 29440K, reserved 1075200K
  class space    used 3747K, capacity 4017K, committed 4096K, reserved 1048576K
}
Event: 9.190 GC heap after
{Heap after GC invocations=8 (full 0):
 garbage-first heap   total 96256K, used 31094K [0x0000000080000000, 0x0000000100000000)
  region size 1024K, 6 young (6144K), 6 survivors (6144K)
 Metaspace       used 28355K, capacity 29187K, committed 29440K, reserved 1075200K
  class space    used 3747K, capacity 4017K, committed 4096K, reserved 1048576K
}
Event: 11.292 GC heap before
{Heap before GC invocations=8 (full 0):
 garbage-first heap   total 96256K, used 59766K [0x0000000080000000, 0x0000000100000000)
  region size 1024K, 36 young (36864K), 6 survivors (6144K)
 Metaspace       used 35056K, capacity 35935K, committed 36048K, reserved 1081344K
  class space    used 4560K, capacity 4842K, committed 4864K, reserved 1048576K
}
Event: 11.318 GC heap after
{Heap after GC invocations=9 (full 0):
 garbage-first heap   total 115712K, used 33856K [0x0000000080000000, 0x0000000100000000)
  region size 1024K, 3 young (3072K), 3 survivors (3072K)
 Metaspace       used 35056K, capacity 35935K, committed 36048K, reserved 1081344K
  class space    used 4560K, capacity 4842K, committed 4864K, reserved 1048576K
}
Event: 19.586 GC heap before
{Heap before GC invocations=10 (full 0):
 garbage-first heap   total 115712K, used 80960K [0x0000000080000000, 0x0000000100000000)
  region size 1024K, 43 young (44032K), 3 survivors (3072K)
 Metaspace       used 39598K, capacity 40560K, committed 40732K, reserved 1085440K
  class space    used 5091K, capacity 5469K, committed 5504K, reserved 1048576K
}
Event: 19.604 GC heap after
{Heap after GC invocations=11 (full 0):
 garbage-first heap   total 115712K, used 39682K [0x0000000080000000, 0x0000000100000000)
  region size 1024K, 5 young (5120K), 5 survivors (5120K)
 Metaspace       used 39598K, capacity 40560K, committed 40732K, reserved 1085440K
  class space    used 5091K, capacity 5469K, committed 5504K, reserved 1048576K
}
Event: 29.828 GC heap before
{Heap before GC invocations=11 (full 0):
 garbage-first heap   total 115712K, used 81666K [0x0000000080000000, 0x0000000100000000)
  region size 1024K, 44 young (45056K), 5 survivors (5120K)
 Metaspace       used 44342K, capacity 45517K, committed 45596K, reserved 1089536K
  class space    used 5539K, capacity 5961K, committed 6016K, reserved 1048576K
}
Event: 29.851 GC heap after
{Heap after GC invocations=12 (full 0):
 garbage-first heap   total 115712K, used 47180K [0x0000000080000000, 0x0000000100000000)
  region size 1024K, 6 young (6144K), 6 survivors (6144K)
 Metaspace       used 44342K, capacity 45517K, committed 45596K, reserved 1089536K
  class space    used 5539K, capacity 5961K, committed 6016K, reserved 1048576K
}
Event: 35.676 GC heap before
{Heap before GC invocations=12 (full 0):
 garbage-first heap   total 115712K, used 85068K [0x0000000080000000, 0x0000000100000000)
  region size 1024K, 43 young (44032K), 6 survivors (6144K)
 Metaspace       used 47637K, capacity 48972K, committed 49052K, reserved 1091584K
  class space    used 5921K, capacity 6339K, committed 6400K, reserved 1048576K
}
Event: 35.696 GC heap after
{Heap after GC invocations=13 (full 0):
 garbage-first heap   total 115712K, used 50398K [0x0000000080000000, 0x0000000100000000)
  region size 1024K, 3 young (3072K), 3 survivors (3072K)
 Metaspace       used 47637K, capacity 48972K, committed 49052K, reserved 1091584K
  class space    used 5921K, capacity 6339K, committed 6400K, reserved 1048576K
}

Deoptimization events (20 events):
Event: 31.628 Thread 0x0000029ff6b3b000 Uncommon trap: trap_request=0xffffffbe fr.pc=0x0000029fe5af7450 relative=0x00000000000002f0
Event: 31.628 Thread 0x0000029ff6b3b000 Uncommon trap: reason=profile_predicate action=maybe_recompile pc=0x0000029fe5af7450 method=java.util.regex.Pattern$BnM.optimize(Ljava/util/regex/Pattern$Node;)Ljava/util/regex/Pattern$Node; @ 67 c2
Event: 31.628 Thread 0x0000029ff6b3b000 DEOPT PACKING pc=0x0000029fe5af7450 sp=0x000000ba860fde60
Event: 31.628 Thread 0x0000029ff6b3b000 DEOPT UNPACKING pc=0x0000029fdde766a9 sp=0x000000ba860fde00 mode 2
Event: 31.923 Thread 0x0000029ff640f800 Uncommon trap: trap_request=0xffffff4d fr.pc=0x0000029fe5a2d430 relative=0x0000000000000110
Event: 31.923 Thread 0x0000029ff640f800 Uncommon trap: reason=unstable_if action=reinterpret pc=0x0000029fe5a2d430 method=java.util.Arrays.hashCode([Ljava/lang/Object;)I @ 34 c2
Event: 31.923 Thread 0x0000029ff640f800 DEOPT PACKING pc=0x0000029fe5a2d430 sp=0x000000ba84df9820
Event: 31.923 Thread 0x0000029ff640f800 DEOPT UNPACKING pc=0x0000029fdde766a9 sp=0x000000ba84df9798 mode 2
Event: 32.544 Thread 0x0000029ff640f800 Uncommon trap: trap_request=0xffffff4d fr.pc=0x0000029fe5a603e0 relative=0x0000000000001020
Event: 32.544 Thread 0x0000029ff640f800 Uncommon trap: reason=unstable_if action=reinterpret pc=0x0000029fe5a603e0 method=org.objectweb.asm.Frame.execute(IILorg/objectweb/asm/Symbol;Lorg/objectweb/asm/SymbolTable;)V @ 1 c2
Event: 32.544 Thread 0x0000029ff640f800 DEOPT PACKING pc=0x0000029fe5a603e0 sp=0x000000ba84dfb040
Event: 32.544 Thread 0x0000029ff640f800 DEOPT UNPACKING pc=0x0000029fdde766a9 sp=0x000000ba84dfafe8 mode 2
Event: 34.092 Thread 0x0000029ff640f800 Uncommon trap: trap_request=0xffffffc6 fr.pc=0x0000029fe5a4ef40 relative=0x0000000000003a20
Event: 34.092 Thread 0x0000029ff640f800 Uncommon trap: reason=bimorphic_or_optimized_type_check action=maybe_recompile pc=0x0000029fe5a4ef40 method=java.util.AbstractCollection.addAll(Ljava/util/Collection;)Z @ 29 c2
Event: 34.092 Thread 0x0000029ff640f800 DEOPT PACKING pc=0x0000029fe5a4ef40 sp=0x000000ba84df90d0
Event: 34.092 Thread 0x0000029ff640f800 DEOPT UNPACKING pc=0x0000029fdde766a9 sp=0x000000ba84df90d0 mode 2
Event: 35.172 Thread 0x0000029ff640f800 Uncommon trap: trap_request=0xffffff4d fr.pc=0x0000029fe5a370d8 relative=0x0000000000003e78
Event: 35.172 Thread 0x0000029ff640f800 Uncommon trap: reason=unstable_if action=reinterpret pc=0x0000029fe5a370d8 method=jdk.internal.org.objectweb.asm.Frame.execute(IILjdk/internal/org/objectweb/asm/ClassWriter;Ljdk/internal/org/objectweb/asm/Item;)V @ 1 c2
Event: 35.172 Thread 0x0000029ff640f800 DEOPT PACKING pc=0x0000029fe5a370d8 sp=0x000000ba84df3e00
Event: 35.172 Thread 0x0000029ff640f800 DEOPT UNPACKING pc=0x0000029fdde766a9 sp=0x000000ba84df3dc8 mode 2

Classes redefined (0 events):
No events

Internal exceptions (20 events):
Event: 31.798 Thread 0x0000029ff640f800 Exception <a 'java/lang/ClassNotFoundException'{0x0000000086121960}: org/gradle/plugin/use/internal/PluginsAwareScriptCustomizer> (0x0000000086121960) thrown at [./src/hotspot/share/classfile/systemDictionary.cpp, line 231]
Event: 31.800 Thread 0x0000029ff640f800 Exception <a 'java/lang/ClassNotFoundException'{0x0000000086139c60}: org/gradle/initialization/SettingsScriptCustomizer> (0x0000000086139c60) thrown at [./src/hotspot/share/classfile/systemDictionary.cpp, line 231]
Event: 31.802 Thread 0x0000029ff640f800 Exception <a 'java/lang/ClassNotFoundException'{0x000000008614a670}: settings_cyrgrzqeldni7mc3rajjr5eg6Customizer> (0x000000008614a670) thrown at [./src/hotspot/share/classfile/systemDictionary.cpp, line 231]
Event: 31.827 Thread 0x0000029ff640f800 Exception <a 'java/lang/ClassNotFoundException'{0x00000000861bcec0}: org/gradle/initialization/DefaultSettings_DecoratedBeanInfo> (0x00000000861bcec0) thrown at [./src/hotspot/share/classfile/systemDictionary.cpp, line 231]
Event: 31.829 Thread 0x0000029ff640f800 Exception <a 'java/lang/ClassNotFoundException'{0x00000000861d88e0}: org/gradle/initialization/DefaultSettingsBeanInfo> (0x00000000861d88e0) thrown at [./src/hotspot/share/classfile/systemDictionary.cpp, line 231]
Event: 31.884 Thread 0x0000029ff640f800 Exception <a 'java/lang/ClassNotFoundException'{0x00000000861f59d8}: org/gradle/initialization/DefaultSettingsCustomizer> (0x00000000861f59d8) thrown at [./src/hotspot/share/classfile/systemDictionary.cpp, line 231]
Event: 31.895 Thread 0x0000029ff640f800 Exception <a 'java/lang/ClassNotFoundException'{0x000000008603dd60}: org/gradle/initialization/DefaultSettings_DecoratedCustomizer> (0x000000008603dd60) thrown at [./src/hotspot/share/classfile/systemDictionary.cpp, line 231]
Event: 31.917 Thread 0x0000029ff640f800 Exception <a 'java/lang/ClassNotFoundException'{0x00000000860b60b8}: org/gradle/initialization/DefaultProjectDescriptorBeanInfo> (0x00000000860b60b8) thrown at [./src/hotspot/share/classfile/systemDictionary.cpp, line 231]
Event: 31.918 Thread 0x0000029ff640f800 Exception <a 'java/lang/ClassNotFoundException'{0x00000000860d3ff8}: org/gradle/initialization/DefaultProjectDescriptorCustomizer> (0x00000000860d3ff8) thrown at [./src/hotspot/share/classfile/systemDictionary.cpp, line 231]
Event: 31.923 Thread 0x0000029ff640f800 Implicit null exception at 0x0000029fe5a2d36c to 0x0000029fe5a2d414
Event: 34.104 Thread 0x0000029ff640f800 Exception <a 'java/lang/ClassNotFoundException'{0x0000000085606b28}: org/gradle/api/internal/project/DefaultProject_DecoratedBeanInfo> (0x0000000085606b28) thrown at [./src/hotspot/share/classfile/systemDictionary.cpp, line 231]
Event: 34.106 Thread 0x0000029ff640f800 Exception <a 'java/lang/ClassNotFoundException'{0x000000008561ac70}: org/gradle/api/internal/project/DefaultProjectBeanInfo> (0x000000008561ac70) thrown at [./src/hotspot/share/classfile/systemDictionary.cpp, line 231]
Event: 34.107 Thread 0x0000029ff640f800 Exception <a 'java/lang/ClassNotFoundException'{0x000000008562ed80}: org/gradle/api/internal/project/DefaultProjectCustomizer> (0x000000008562ed80) thrown at [./src/hotspot/share/classfile/systemDictionary.cpp, line 231]
Event: 34.273 Thread 0x0000029ff640f800 Exception <a 'java/lang/ClassNotFoundException'{0x00000000856cde28}: org/gradle/api/internal/project/DefaultProject_DecoratedCustomizer> (0x00000000856cde28) thrown at [./src/hotspot/share/classfile/systemDictionary.cpp, line 231]
Event: 35.160 Thread 0x0000029ff640f800 Exception <a 'java/lang/NoSuchMethodError'{0x0000000084d3b6a0}: 'java.lang.Object java.lang.invoke.DelegatingMethodHandle$Holder.reinvoke_L(java.lang.Object, java.lang.Object, java.lang.Object, java.lang.Object, java.lang.Object, java.lang.Object, java.lang.Object, java.lang.Object, java.lang.Object, java.lang.Object, java.lang.Object, java.lang.Object, java.lang.Object, java.lang.Object, java.lang.Object, java.lang.Object, java.lang.Object)'> (0x0000000084d3b6a0) thrown at [./src/hotspot/share/interpreter
Event: 35.169 Thread 0x0000029ff640f800 Exception <a 'java/lang/NoSuchMethodError'{0x0000000084d46540}: 'java.lang.Object java.lang.invoke.Invokers$Holder.invoker(java.lang.Object, java.lang.Object, java.lang.Object, java.lang.Object, java.lang.Object, java.lang.Object, java.lang.Object, java.lang.Object, java.lang.Object, java.lang.Object, java.lang.Object, java.lang.Object, java.lang.Object, java.lang.Object, java.lang.Object, java.lang.Object, java.lang.Object)'> (0x0000000084d46540) thrown at [./src/hotspot/share/interpreter/linkResolver.cpp
Event: 35.170 Thread 0x0000029ff640f800 Exception <a 'java/lang/NoSuchMethodError'{0x0000000084d4d640}: 'java.lang.Object java.lang.invoke.DelegatingMethodHandle$Holder.delegate(java.lang.Object, java.lang.Object, java.lang.Object, java.lang.Object, java.lang.Object, java.lang.Object, java.lang.Object, java.lang.Object, java.lang.Object, java.lang.Object, java.lang.Object, java.lang.Object, java.lang.Object, java.lang.Object, java.lang.Object, java.lang.Object, java.lang.Object)'> (0x0000000084d4d640) thrown at [./src/hotspot/share/interpreter/l
Event: 35.214 Thread 0x0000029ff640f800 Exception <a 'java/lang/NoSuchMethodError'{0x0000000084d9d868}: 'java.lang.Object java.lang.invoke.DirectMethodHandle$Holder.invokeStatic(java.lang.Object, java.lang.Object, java.lang.Object, java.lang.Object, java.lang.Object, java.lang.Object, java.lang.Object, java.lang.Object, java.lang.Object, java.lang.Object, java.lang.Object, java.lang.Object, java.lang.Object, java.lang.Object, java.lang.Object)'> (0x0000000084d9d868) thrown at [./src/hotspot/share/interpreter/linkResolver.cpp, line 773]
Event: 35.222 Thread 0x0000029ff640f800 Exception <a 'java/lang/NoSuchMethodError'{0x0000000084dad510}: 'java.lang.Object java.lang.invoke.DirectMethodHandle$Holder.invokeStatic(java.lang.Object, java.lang.Object, java.lang.Object, java.lang.Object, java.lang.Object, java.lang.Object, java.lang.Object, java.lang.Object, java.lang.Object, java.lang.Object, java.lang.Object, java.lang.Object, java.lang.Object, java.lang.Object, java.lang.Object, java.lang.Object)'> (0x0000000084dad510) thrown at [./src/hotspot/share/interpreter/linkResolver.cpp, l
Event: 35.227 Thread 0x0000029ff640f800 Exception <a 'java/lang/NoSuchMethodError'{0x0000000084dbceb8}: 'java.lang.Object java.lang.invoke.DelegatingMethodHandle$Holder.reinvoke_L(java.lang.Object, java.lang.Object, java.lang.Object, java.lang.Object, java.lang.Object, java.lang.Object, java.lang.Object, java.lang.Object, java.lang.Object, java.lang.Object, java.lang.Object, java.lang.Object, java.lang.Object, java.lang.Object, java.lang.Object, java.lang.Object)'> (0x0000000084dbceb8) thrown at [./src/hotspot/share/interpreter/linkResolver.cpp,

Events (20 events):
Event: 35.395 loading class com/android/ide/gradle/model/artifacts/samples/SamplesVariantRule
Event: 35.395 loading class com/android/ide/gradle/model/artifacts/samples/SamplesVariantRule done
Event: 35.404 loading class org/gradle/api/artifacts/ComponentMetadataRule
Event: 35.404 loading class org/gradle/api/artifacts/ComponentMetadataRule done
Event: 35.404 loading class org/gradle/api/artifacts/ComponentMetadataRule
Event: 35.404 loading class org/gradle/api/artifacts/ComponentMetadataRule done
Event: 35.405 loading class org/gradle/api/artifacts/dsl/ComponentMetadataHandler
Event: 35.405 loading class org/gradle/api/artifacts/dsl/ComponentMetadataHandler done
Event: 35.406 loading class org/gradle/api/artifacts/CacheableRule
Event: 35.406 loading class org/gradle/api/artifacts/CacheableRule done
Event: 35.412 loading class org/gradle/api/internal/artifacts/dsl/ClassBasedMetadataRuleWrapper
Event: 35.412 loading class org/gradle/api/internal/artifacts/dsl/ClassBasedMetadataRuleWrapper done
Event: 35.590 loading class com/android/ide/gradle/model/artifacts/builder/AdditionalClassifierArtifactsModelBuilder
Event: 35.590 loading class com/android/ide/gradle/model/artifacts/builder/AdditionalClassifierArtifactsModelBuilder done
Event: 35.674 loading class org/gradle/tooling/provider/model/ParameterizedToolingModelBuilder
Event: 35.674 loading class org/gradle/tooling/provider/model/ParameterizedToolingModelBuilder done
Event: 35.675 loading class kotlin/TypeCastException
Event: 35.675 loading class kotlin/TypeCastException done
Event: 35.676 Executing VM operation: G1CollectForAllocation
Event: 35.696 Executing VM operation: G1CollectForAllocation done


Dynamic libraries:
0x00007ff742de0000 - 0x00007ff742dea000 	C:\Program Files\Android\Android Studio\jre\bin\java.exe
0x00007ffe85f90000 - 0x00007ffe86185000 	C:\WINDOWS\SYSTEM32\ntdll.dll
0x00007ffe84fa0000 - 0x00007ffe8505d000 	C:\WINDOWS\System32\KERNEL32.DLL
0x00007ffe83770000 - 0x00007ffe83a38000 	C:\WINDOWS\System32\KERNELBASE.dll
0x00007ffe83d60000 - 0x00007ffe83e60000 	C:\WINDOWS\System32\ucrtbase.dll
0x00007ffe5d040000 - 0x00007ffe5d059000 	C:\Program Files\Android\Android Studio\jre\bin\jli.dll
0x00007ffe5d060000 - 0x00007ffe5d077000 	C:\Program Files\Android\Android Studio\jre\bin\VCRUNTIME140.dll
0x00007ffe855a0000 - 0x00007ffe85740000 	C:\WINDOWS\System32\USER32.dll
0x00007ffe76b70000 - 0x00007ffe76e0a000 	C:\WINDOWS\WinSxS\amd64_microsoft.windows.common-controls_6595b64144ccf1df_6.0.19041.1052_none_60b8f8fd71f5e8cb\COMCTL32.dll
0x00007ffe83ce0000 - 0x00007ffe83d02000 	C:\WINDOWS\System32\win32u.dll
0x00007ffe85d90000 - 0x00007ffe85e2e000 	C:\WINDOWS\System32\msvcrt.dll
0x00007ffe84b50000 - 0x00007ffe84b7a000 	C:\WINDOWS\System32\GDI32.dll
0x00007ffe83ef0000 - 0x00007ffe83ffb000 	C:\WINDOWS\System32\gdi32full.dll
0x00007ffe836d0000 - 0x00007ffe8376d000 	C:\WINDOWS\System32\msvcp_win.dll
0x00007ffe85ec0000 - 0x00007ffe85ef0000 	C:\WINDOWS\System32\IMM32.DLL
0x00007ffe5cfa0000 - 0x00007ffe5d03d000 	C:\Program Files\Android\Android Studio\jre\bin\msvcp140.dll
0x00007ffe5e3e0000 - 0x00007ffe5ee9c000 	C:\Program Files\Android\Android Studio\jre\bin\server\jvm.dll
0x00007ffe85740000 - 0x00007ffe857ec000 	C:\WINDOWS\System32\ADVAPI32.dll
0x00007ffe840b0000 - 0x00007ffe8414b000 	C:\WINDOWS\System32\sechost.dll
0x00007ffe85b70000 - 0x00007ffe85c9b000 	C:\WINDOWS\System32\RPCRT4.dll
0x00007ffe85d80000 - 0x00007ffe85d88000 	C:\WINDOWS\System32\PSAPI.DLL
0x00007ffe74b20000 - 0x00007ffe74b47000 	C:\WINDOWS\SYSTEM32\WINMM.dll
0x00007ffe7cc80000 - 0x00007ffe7cc89000 	C:\WINDOWS\SYSTEM32\WSOCK32.dll
0x00007ffe7cc50000 - 0x00007ffe7cc5a000 	C:\WINDOWS\SYSTEM32\VERSION.dll
0x00007ffe85b00000 - 0x00007ffe85b6b000 	C:\WINDOWS\System32\WS2_32.dll
0x00007ffe81620000 - 0x00007ffe81632000 	C:\WINDOWS\SYSTEM32\kernel.appcore.dll
0x00007ffe6bc90000 - 0x00007ffe6bca1000 	C:\Program Files\Android\Android Studio\jre\bin\verify.dll
0x00007ffe730f0000 - 0x00007ffe732d4000 	C:\WINDOWS\SYSTEM32\DBGHELP.DLL
0x00007ffe730a0000 - 0x00007ffe730cc000 	C:\WINDOWS\SYSTEM32\dbgcore.DLL
0x00007ffe83a40000 - 0x00007ffe83ac3000 	C:\WINDOWS\System32\bcryptPrimitives.dll
0x00007ffe61760000 - 0x00007ffe61789000 	C:\Program Files\Android\Android Studio\jre\bin\java.dll
0x00007ffe75320000 - 0x00007ffe7532b000 	C:\Program Files\Android\Android Studio\jre\bin\jimage.dll
0x00007ffe6aaa0000 - 0x00007ffe6aab8000 	C:\Program Files\Android\Android Studio\jre\bin\zip.dll
0x00007ffe84150000 - 0x00007ffe8488f000 	C:\WINDOWS\System32\SHELL32.dll
0x00007ffe81820000 - 0x00007ffe81fb0000 	C:\WINDOWS\SYSTEM32\windows.storage.dll
0x00007ffe84b80000 - 0x00007ffe84ed5000 	C:\WINDOWS\System32\combase.dll
0x00007ffe83140000 - 0x00007ffe8316c000 	C:\WINDOWS\SYSTEM32\Wldp.dll
0x00007ffe84ee0000 - 0x00007ffe84f8e000 	C:\WINDOWS\System32\SHCORE.dll
0x00007ffe84af0000 - 0x00007ffe84b45000 	C:\WINDOWS\System32\shlwapi.dll
0x00007ffe83610000 - 0x00007ffe8362f000 	C:\WINDOWS\SYSTEM32\profapi.dll
0x00007ffe62ae0000 - 0x00007ffe62afa000 	C:\Program Files\Android\Android Studio\jre\bin\net.dll
0x00007ffe78470000 - 0x00007ffe7857b000 	C:\WINDOWS\SYSTEM32\WINHTTP.dll
0x00007ffe82eb0000 - 0x00007ffe82f1a000 	C:\WINDOWS\system32\mswsock.dll
0x00007ffe5f890000 - 0x00007ffe5f8a4000 	C:\Program Files\Android\Android Studio\jre\bin\nio.dll
0x00007ffe5f6f0000 - 0x00007ffe5f717000 	C:\Users\kimdo\.gradle\native\fdc75f09e3144964f2cf3f50f0aa648679c211496f362492102eb8c894070792\windows-amd64\native-platform.dll
0x00007ffe4fd30000 - 0x00007ffe4fec6000 	C:\Users\kimdo\.gradle\native\12488b8bf47d2d4c9fbf2f6322a914ad602e24e48041cd04a747c6da556b65c4\windows-amd64\native-platform-file-events.dll
0x00007ffe75260000 - 0x00007ffe7526a000 	C:\Program Files\Android\Android Studio\jre\bin\management.dll
0x00007ffe70690000 - 0x00007ffe7069c000 	C:\Program Files\Android\Android Studio\jre\bin\management_ext.dll
0x00007ffe83080000 - 0x00007ffe83098000 	C:\WINDOWS\SYSTEM32\CRYPTSP.dll
0x00007ffe827e0000 - 0x00007ffe82814000 	C:\WINDOWS\system32\rsaenh.dll
0x00007ffe83e60000 - 0x00007ffe83e87000 	C:\WINDOWS\System32\bcrypt.dll
0x00007ffe835d0000 - 0x00007ffe835fe000 	C:\WINDOWS\SYSTEM32\USERENV.dll
0x00007ffe830a0000 - 0x00007ffe830ac000 	C:\WINDOWS\SYSTEM32\CRYPTBASE.dll
0x00007ffe82b50000 - 0x00007ffe82b8b000 	C:\WINDOWS\SYSTEM32\IPHLPAPI.DLL
0x00007ffe84f90000 - 0x00007ffe84f98000 	C:\WINDOWS\System32\NSI.dll
0x00007ffe7cab0000 - 0x00007ffe7cac7000 	C:\WINDOWS\SYSTEM32\dhcpcsvc6.DLL
0x00007ffe7c890000 - 0x00007ffe7c8ad000 	C:\WINDOWS\SYSTEM32\dhcpcsvc.DLL
0x00007ffe82ba0000 - 0x00007ffe82c6c000 	C:\WINDOWS\SYSTEM32\DNSAPI.dll
0x00007ffe7cd20000 - 0x00007ffe7cd2b000 	C:\WINDOWS\SYSTEM32\WINNSI.DLL

dbghelp: loaded successfully - version: 4.0.5 - missing functions: none
symbol engine: initialized successfully - sym options: 0x614 - pdb path: .;C:\Program Files\Android\Android Studio\jre\bin;C:\WINDOWS\SYSTEM32;C:\WINDOWS\WinSxS\amd64_microsoft.windows.common-controls_6595b64144ccf1df_6.0.19041.1052_none_60b8f8fd71f5e8cb;C:\Program Files\Android\Android Studio\jre\bin\server;C:\Users\kimdo\.gradle\native\fdc75f09e3144964f2cf3f50f0aa648679c211496f362492102eb8c894070792\windows-amd64;C:\Users\kimdo\.gradle\native\12488b8bf47d2d4c9fbf2f6322a914ad602e24e48041cd04a747c6da556b65c4\windows-amd64

VM Arguments:
jvm_args: --add-opens=java.base/java.util=ALL-UNNAMED --add-opens=java.base/java.lang=ALL-UNNAMED --add-opens=java.base/java.lang.invoke=ALL-UNNAMED --add-opens=java.prefs/java.util.prefs=ALL-UNNAMED -Xmx2048m -Dfile.encoding=UTF-8 -Duser.country=RU -Duser.language=ru -Duser.variant 
java_command: org.gradle.launcher.daemon.bootstrap.GradleDaemon 6.7.1
java_class_path (initial): C:\Users\kimdo\.gradle\wrapper\dists\gradle-6.7.1-bin\bwlcbys1h7rz3272sye1xwiv6\gradle-6.7.1\lib\gradle-launcher-6.7.1.jar
Launcher Type: SUN_STANDARD

[Global flags]
     intx CICompilerCount                          = 3                                         {product} {ergonomic}
     uint ConcGCThreads                            = 1                                         {product} {ergonomic}
     uint G1ConcRefinementThreads                  = 4                                         {product} {ergonomic}
   size_t G1HeapRegionSize                         = 1048576                                   {product} {ergonomic}
    uintx GCDrainStackTargetSize                   = 64                                        {product} {ergonomic}
   size_t InitialHeapSize                          = 98566144                                  {product} {ergonomic}
   size_t MarkStackSize                            = 4194304                                   {product} {ergonomic}
   size_t MaxHeapSize                              = 2147483648                                {product} {command line}
   size_t MaxNewSize                               = 1287651328                                {product} {ergonomic}
   size_t MinHeapDeltaBytes                        = 1048576                                   {product} {ergonomic}
    uintx NonNMethodCodeHeapSize                   = 5830732                                {pd product} {ergonomic}
    uintx NonProfiledCodeHeapSize                  = 122913754                              {pd product} {ergonomic}
    uintx ProfiledCodeHeapSize                     = 122913754                              {pd product} {ergonomic}
    uintx ReservedCodeCacheSize                    = 251658240                              {pd product} {ergonomic}
     bool SegmentedCodeCache                       = true                                      {product} {ergonomic}
     bool UseCompressedClassPointers               = true                                 {lp64_product} {ergonomic}
     bool UseCompressedOops                        = true                                 {lp64_product} {ergonomic}
     bool UseG1GC                                  = true                                      {product} {ergonomic}
     bool UseLargePagesIndividualAllocation        = false                                  {pd product} {ergonomic}

Logging:
Log output configuration:
 #0: stdout all=warning uptime,level,tags
 #1: stderr all=off uptime,level,tags

Environment Variables:
PATH=C:\Program Files (x86)\Common Files\Oracle\Java\javapath;C:\WINDOWS\system32;C:\WINDOWS;C:\WINDOWS\System32\Wbem;C:\WINDOWS\System32\WindowsPowerShell\v1.0\;C:\WINDOWS\System32\OpenSSH\;C:\Program Files\Common Files\Autodesk Shared\;C:\Users\kimdo\AppData\Local\Microsoft\WindowsApps;
USERNAME=kimdo
OS=Windows_NT
PROCESSOR_IDENTIFIER=Intel64 Family 6 Model 37 Stepping 2, GenuineIntel



---------------  S Y S T E M  ---------------

OS: Windows 10 , 64 bit Build 19041 (10.0.19041.1023)
OS uptime: 0 days 4:11 hours

CPU:total 4 (initial active 4) (2 cores per cpu, 2 threads per core) family 6 model 37 stepping 2, cmov, cx8, fxsr, mmx, sse, sse2, sse3, ssse3, sse4.1, sse4.2, popcnt, ht, tsc, tscinvbit

Memory: 4k page, system-wide physical 5996M (276M free)
TotalPageFile size 9020M (AvailPageFile size 4M)
current process WorkingSet (physical memory assigned to process): 255M, peak: 255M
current process commit charge ("private bytes"): 286M, peak: 288M

vm_info: OpenJDK 64-Bit Server VM (11.0.8+10-b944.6842174) for windows-amd64 JRE (11.0.8+10-b944.6842174), built on Sep 19 2020 01:11:42 by "builder" with MS VC++ 14.0 (VS2015)

END.
